SF:/home/jade/rusty_dolphine/src/cpu/cpu.rs
FN:19,_RNvXNtNtCs1BEssZNQtIx_14rusty_dolphine3cpu3cpuNtB2_8CpuStateNtNtCs7fbaA66h97J_4core7default7Default7default
FN:32,_RNvMs_NtNtCs1BEssZNQtIx_14rusty_dolphine3cpu3cpuNtB4_3CPU3new
FNDA:0,_RNvXNtNtCs1BEssZNQtIx_14rusty_dolphine3cpu3cpuNtB2_8CpuStateNtNtCs7fbaA66h97J_4core7default7Default7default
FNDA:0,_RNvMs_NtNtCs1BEssZNQtIx_14rusty_dolphine3cpu3cpuNtB4_3CPU3new
FNF:2
FNH:0
DA:19,0
DA:20,0
DA:21,0
DA:32,0
DA:33,0
DA:34,0
BRF:0
BRH:0
LF:6
LH:0
end_of_record
SF:/home/jade/rusty_dolphine/src/gba/gba_cpu.rs
FN:6,_RNvNtNtCs1BEssZNQtIx_14rusty_dolphine3gba7gba_cpu12init_gba_cpu
FN:8,_RNCNvNtNtCs1BEssZNQtIx_14rusty_dolphine3gba7gba_cpu12init_gba_cpu0B7_
FN:12,_RNCNvNtNtCs1BEssZNQtIx_14rusty_dolphine3gba7gba_cpu12init_gba_cpus_0B7_
FNDA:0,_RNvNtNtCs1BEssZNQtIx_14rusty_dolphine3gba7gba_cpu12init_gba_cpu
FNDA:0,_RNCNvNtNtCs1BEssZNQtIx_14rusty_dolphine3gba7gba_cpu12init_gba_cpu0B7_
FNDA:0,_RNCNvNtNtCs1BEssZNQtIx_14rusty_dolphine3gba7gba_cpu12init_gba_cpus_0B7_
FNF:3
FNH:0
DA:6,0
DA:8,0
DA:9,0
DA:10,0
DA:12,0
DA:13,0
DA:14,0
DA:16,0
DA:17,0
BRF:0
BRH:0
LF:13
LH:0
end_of_record
SF:/home/jade/rusty_dolphine/src/gba/gba_memory_bus.rs
FN:24,_RNvNtNtNtCs1BEssZNQtIx_14rusty_dolphine3gba14gba_memory_bus5testss_19test_gba_memory_bus
FN:5,_RNvNtNtCs1BEssZNQtIx_14rusty_dolphine3gba14gba_memory_bus19init_gba_memory_bus
FNDA:1,_RNvNtNtNtCs1BEssZNQtIx_14rusty_dolphine3gba14gba_memory_bus5testss_19test_gba_memory_bus
FNDA:1,_RNvNtNtCs1BEssZNQtIx_14rusty_dolphine3gba14gba_memory_bus19init_gba_memory_bus
FNF:2
FNH:2
DA:5,1
DA:6,1
DA:7,1
DA:8,1
DA:9,1
DA:10,1
DA:11,1
DA:12,1
DA:13,1
DA:14,1
DA:24,1
DA:25,1
DA:26,1
DA:27,1
DA:28,1
DA:29,1
DA:30,1
DA:33,0
DA:37,1
DA:38,1
DA:39,1
DA:42,0
DA:46,1
DA:47,1
DA:48,1
DA:51,0
DA:55,1
DA:56,1
DA:57,1
DA:60,0
DA:64,1
DA:68,1
DA:69,8
DA:70,8
DA:72,0
DA:75,8
DA:80,0
DA:81,0
DA:82,0
DA:85,1
BRF:0
BRH:0
LF:40
LH:32
end_of_record
SF:/home/jade/rusty_dolphine/src/gba/gba_registers.rs
FN:4,_RNvNtNtCs1BEssZNQtIx_14rusty_dolphine3gba13gba_registers18init_gba_registers
FN:208,_RNvNtNtNtCs1BEssZNQtIx_14rusty_dolphine3gba13gba_registers5testss_21test_gba_register_map
FNDA:1,_RNvNtNtCs1BEssZNQtIx_14rusty_dolphine3gba13gba_registers18init_gba_registers
FNDA:1,_RNvNtNtNtCs1BEssZNQtIx_14rusty_dolphine3gba13gba_registers5testss_21test_gba_register_map
FNF:2
FNH:2
DA:4,1
DA:5,1
DA:6,1
DA:7,1
DA:8,1
DA:9,1
DA:10,1
DA:11,1
DA:12,1
DA:13,1
DA:14,1
DA:15,1
DA:16,1
DA:17,1
DA:18,1
DA:19,1
DA:20,1
DA:21,1
DA:22,1
DA:23,1
DA:24,1
DA:25,1
DA:26,1
DA:27,1
DA:28,1
DA:29,1
DA:31,1
DA:32,1
DA:33,1
DA:34,1
DA:35,1
DA:36,1
DA:37,1
DA:38,1
DA:39,1
DA:40,1
DA:41,1
DA:42,1
DA:43,1
DA:44,1
DA:45,1
DA:46,1
DA:47,1
DA:48,1
DA:49,1
DA:50,1
DA:51,1
DA:52,1
DA:53,1
DA:54,1
DA:55,1
DA:56,1
DA:57,1
DA:58,1
DA:59,1
DA:60,1
DA:61,1
DA:63,1
DA:64,1
DA:65,1
DA:66,1
DA:67,1
DA:68,1
DA:69,1
DA:70,1
DA:71,1
DA:72,1
DA:73,1
DA:74,1
DA:75,1
DA:76,1
DA:77,1
DA:78,1
DA:79,1
DA:80,1
DA:81,1
DA:82,1
DA:83,1
DA:84,1
DA:85,1
DA:86,1
DA:87,1
DA:88,1
DA:89,1
DA:90,1
DA:91,1
DA:92,1
DA:93,1
DA:94,1
DA:95,1
DA:96,1
DA:97,1
DA:98,1
DA:99,1
DA:100,1
DA:101,1
DA:102,1
DA:103,1
DA:104,1
DA:105,1
DA:106,1
DA:107,1
DA:108,1
DA:109,1
DA:110,1
DA:111,1
DA:112,1
DA:113,1
DA:114,1
DA:115,1
DA:116,1
DA:117,1
DA:118,1
DA:119,1
DA:120,1
DA:121,1
DA:122,1
DA:123,1
DA:124,1
DA:125,1
DA:126,1
DA:127,1
DA:128,1
DA:129,1
DA:130,1
DA:131,1
DA:132,1
DA:133,1
DA:134,1
DA:135,1
DA:136,1
DA:137,1
DA:138,1
DA:139,1
DA:140,1
DA:141,1
DA:142,1
DA:143,1
DA:144,1
DA:145,1
DA:146,1
DA:147,1
DA:148,1
DA:149,1
DA:150,1
DA:151,1
DA:152,1
DA:153,1
DA:154,1
DA:155,1
DA:156,1
DA:157,1
DA:158,1
DA:159,1
DA:160,1
DA:161,1
DA:162,1
DA:163,1
DA:164,1
DA:165,1
DA:166,1
DA:167,1
DA:168,1
DA:169,1
DA:170,1
DA:171,1
DA:172,1
DA:173,1
DA:174,1
DA:175,1
DA:176,1
DA:177,1
DA:178,1
DA:179,1
DA:180,1
DA:181,1
DA:182,1
DA:183,1
DA:184,1
DA:185,1
DA:188,1
DA:189,1
DA:190,1
DA:191,1
DA:192,1
DA:193,1
DA:194,1
DA:195,1
DA:196,1
DA:197,1
DA:198,1
DA:208,1
DA:209,1
DA:210,1
DA:211,1
DA:212,1
DA:213,1
DA:215,1
DA:216,1
DA:217,1
DA:218,1
DA:219,1
DA:221,1
DA:222,1
DA:223,1
DA:224,1
DA:225,1
DA:227,1
DA:228,1
DA:230,1
DA:231,1
DA:233,1
DA:234,1
DA:236,1
DA:237,1
DA:239,0
DA:240,0
DA:241,0
DA:244,1
BRF:0
BRH:0
LF:219
LH:216
end_of_record
SF:/home/jade/rusty_dolphine/src/instruction/data_proccessing.rs
FN:367,_RNvNtNtNtCs1BEssZNQtIx_14rusty_dolphine11instruction16data_proccessing5testss_40test_invalid_data_processing_instruction
FN:375,_RNvNtNtNtCs1BEssZNQtIx_14rusty_dolphine11instruction16data_proccessing5testss_20test_invalid_op_code
FN:381,_RNvNtNtNtCs1BEssZNQtIx_14rusty_dolphine11instruction16data_proccessing5testss_34test_alu_instruction_add_registers
FN:404,_RNvNtNtNtCs1BEssZNQtIx_14rusty_dolphine11instruction16data_proccessing5testss_44test_alu_instruction_add_with_shift_register
FN:434,_RNvNtNtNtCs1BEssZNQtIx_14rusty_dolphine11instruction16data_proccessing5testss_26test_and_immediate_execute
FN:22,_RNvXNtNtCs1BEssZNQtIx_14rusty_dolphine11instruction16data_proccessingNtB2_26DataProccessingInstructionNtNtCs7fbaA66h97J_4core3fmt7Display3fmt
FN:28,_RNvMs_NtNtCs1BEssZNQtIx_14rusty_dolphine11instruction16data_proccessingNtB4_26DataProccessingInstruction9condition
FN:32,_RNvMs_NtNtCs1BEssZNQtIx_14rusty_dolphine11instruction16data_proccessingNtB4_26DataProccessingInstruction6opcode
FN:36,_RNvMs_NtNtCs1BEssZNQtIx_14rusty_dolphine11instruction16data_proccessingNtB4_26DataProccessingInstruction7rn_cell
FN:40,_RNvMs_NtNtCs1BEssZNQtIx_14rusty_dolphine11instruction16data_proccessingNtB4_26DataProccessingInstruction7rd_cell
FN:44,_RNvMs_NtNtCs1BEssZNQtIx_14rusty_dolphine11instruction16data_proccessingNtB4_26DataProccessingInstruction4cpsr
FN:72,_RNvXs0_NtNtCs1BEssZNQtIx_14rusty_dolphine11instruction16data_proccessingNtB5_20DataProcessingOpcodeINtNtCs7fbaA66h97J_4core7convert4FromhE4from
FN:125,_RNvMs2_NtNtCs1BEssZNQtIx_14rusty_dolphine11instruction16data_proccessingNtB5_28DataProccessingOperandResult3new
FN:134,_RNvMs3_NtNtCs1BEssZNQtIx_14rusty_dolphine11instruction16data_proccessingNtB5_22DataProccessingOperand7compute
FN:176,_RNvXs4_NtNtCs1BEssZNQtIx_14rusty_dolphine11instruction16data_proccessingNtB5_22DataProccessingOperandNtNtCs7fbaA66h97J_4core3fmt7Display3fmt
FN:189,_RNvXs5_NtNtCs1BEssZNQtIx_14rusty_dolphine11instruction16data_proccessingNtB5_26DataProccessingInstructionNtNtB7_11instruction17DecodeInstruction6decode
FN:254,_RNvXs6_NtNtCs1BEssZNQtIx_14rusty_dolphine11instruction16data_proccessingNtB5_26DataProccessingInstructionNtNtB7_11instruction11Instruction7execute
FN:50,_RNvXsb_NtNtCs1BEssZNQtIx_14rusty_dolphine11instruction16data_proccessingNtB5_20DataProcessingOpcodeNtNtCs7fbaA66h97J_4core3fmt7Display3fmt
FN:97,_RNvXs1_NtNtCs1BEssZNQtIx_14rusty_dolphine11instruction16data_proccessingNtNtB7_5shift11ShiftResultINtNtCs7fbaA66h97J_4core7convert4IntoNtB5_28DataProccessingOperandResultE4into
FN:148,_RNCNvMs3_NtNtCs1BEssZNQtIx_14rusty_dolphine11instruction16data_proccessingNtB7_22DataProccessingOperand7compute0Bb_
FN:151,_RNCNvMs3_NtNtCs1BEssZNQtIx_14rusty_dolphine11instruction16data_proccessingNtB7_22DataProccessingOperand7computes_0Bb_
FN:166,_RNCNvMs3_NtNtCs1BEssZNQtIx_14rusty_dolphine11instruction16data_proccessingNtB7_22DataProccessingOperand7computes0_0Bb_
FN:259,_RNCNvXs6_NtNtCs1BEssZNQtIx_14rusty_dolphine11instruction16data_proccessingNtB7_26DataProccessingInstructionNtNtB9_11instruction11Instruction7execute0Bb_
FN:343,_RNCNvXs6_NtNtCs1BEssZNQtIx_14rusty_dolphine11instruction16data_proccessingNtB7_26DataProccessingInstructionNtNtB9_11instruction11Instruction7executes_0Bb_
FNDA:1,_RNvNtNtNtCs1BEssZNQtIx_14rusty_dolphine11instruction16data_proccessing5testss_40test_invalid_data_processing_instruction
FNDA:1,_RNvNtNtNtCs1BEssZNQtIx_14rusty_dolphine11instruction16data_proccessing5testss_20test_invalid_op_code
FNDA:1,_RNvNtNtNtCs1BEssZNQtIx_14rusty_dolphine11instruction16data_proccessing5testss_34test_alu_instruction_add_registers
FNDA:1,_RNvNtNtNtCs1BEssZNQtIx_14rusty_dolphine11instruction16data_proccessing5testss_44test_alu_instruction_add_with_shift_register
FNDA:1,_RNvNtNtNtCs1BEssZNQtIx_14rusty_dolphine11instruction16data_proccessing5testss_26test_and_immediate_execute
FNDA:1,_RNvXNtNtCs1BEssZNQtIx_14rusty_dolphine11instruction16data_proccessingNtB2_26DataProccessingInstructionNtNtCs7fbaA66h97J_4core3fmt7Display3fmt
FNDA:4,_RNvMs_NtNtCs1BEssZNQtIx_14rusty_dolphine11instruction16data_proccessingNtB4_26DataProccessingInstruction9condition
FNDA:5,_RNvMs_NtNtCs1BEssZNQtIx_14rusty_dolphine11instruction16data_proccessingNtB4_26DataProccessingInstruction6opcode
FNDA:1,_RNvMs_NtNtCs1BEssZNQtIx_14rusty_dolphine11instruction16data_proccessingNtB4_26DataProccessingInstruction7rn_cell
FNDA:2,_RNvMs_NtNtCs1BEssZNQtIx_14rusty_dolphine11instruction16data_proccessingNtB4_26DataProccessingInstruction7rd_cell
FNDA:1,_RNvMs_NtNtCs1BEssZNQtIx_14rusty_dolphine11instruction16data_proccessingNtB4_26DataProccessingInstruction4cpsr
FNDA:9,_RNvXs0_NtNtCs1BEssZNQtIx_14rusty_dolphine11instruction16data_proccessingNtB5_20DataProcessingOpcodeINtNtCs7fbaA66h97J_4core7convert4FromhE4from
FNDA:1,_RNvMs2_NtNtCs1BEssZNQtIx_14rusty_dolphine11instruction16data_proccessingNtB5_28DataProccessingOperandResult3new
FNDA:1,_RNvMs3_NtNtCs1BEssZNQtIx_14rusty_dolphine11instruction16data_proccessingNtB5_22DataProccessingOperand7compute
FNDA:1,_RNvXs4_NtNtCs1BEssZNQtIx_14rusty_dolphine11instruction16data_proccessingNtB5_22DataProccessingOperandNtNtCs7fbaA66h97J_4core3fmt7Display3fmt
FNDA:4,_RNvXs5_NtNtCs1BEssZNQtIx_14rusty_dolphine11instruction16data_proccessingNtB5_26DataProccessingInstructionNtNtB7_11instruction17DecodeInstruction6decode
FNDA:1,_RNvXs6_NtNtCs1BEssZNQtIx_14rusty_dolphine11instruction16data_proccessingNtB5_26DataProccessingInstructionNtNtB7_11instruction11Instruction7execute
FNDA:1,_RNvXsb_NtNtCs1BEssZNQtIx_14rusty_dolphine11instruction16data_proccessingNtB5_20DataProcessingOpcodeNtNtCs7fbaA66h97J_4core3fmt7Display3fmt
FNDA:0,_RNvXs1_NtNtCs1BEssZNQtIx_14rusty_dolphine11instruction16data_proccessingNtNtB7_5shift11ShiftResultINtNtCs7fbaA66h97J_4core7convert4IntoNtB5_28DataProccessingOperandResultE4into
FNDA:0,_RNCNvMs3_NtNtCs1BEssZNQtIx_14rusty_dolphine11instruction16data_proccessingNtB7_22DataProccessingOperand7compute0Bb_
FNDA:0,_RNCNvMs3_NtNtCs1BEssZNQtIx_14rusty_dolphine11instruction16data_proccessingNtB7_22DataProccessingOperand7computes_0Bb_
FNDA:0,_RNCNvMs3_NtNtCs1BEssZNQtIx_14rusty_dolphine11instruction16data_proccessingNtB7_22DataProccessingOperand7computes0_0Bb_
FNDA:0,_RNCNvXs6_NtNtCs1BEssZNQtIx_14rusty_dolphine11instruction16data_proccessingNtB7_26DataProccessingInstructionNtNtB9_11instruction11Instruction7execute0Bb_
FNDA:0,_RNCNvXs6_NtNtCs1BEssZNQtIx_14rusty_dolphine11instruction16data_proccessingNtB7_26DataProccessingInstructionNtNtB9_11instruction11Instruction7executes_0Bb_
FNF:24
FNH:18
DA:22,1
DA:23,1
DA:24,1
DA:28,4
DA:29,4
DA:30,4
DA:32,5
DA:33,5
DA:34,5
DA:36,1
DA:37,1
DA:38,1
DA:40,2
DA:41,2
DA:42,2
DA:44,1
DA:45,1
DA:46,1
DA:47,1
DA:50,1
DA:72,9
DA:73,9
DA:74,3
DA:75,0
DA:76,2
DA:77,0
DA:78,3
DA:79,0
DA:80,0
DA:81,0
DA:82,0
DA:83,0
DA:84,0
DA:85,0
DA:86,0
DA:87,0
DA:88,0
DA:89,0
DA:90,1
DA:92,9
DA:97,0
DA:98,0
DA:99,0
DA:100,0
DA:101,0
DA:102,0
DA:125,1
DA:126,1
DA:127,1
DA:128,1
DA:129,1
DA:130,1
DA:134,1
DA:135,1
DA:136,1
DA:137,1
DA:138,0
DA:139,0
DA:140,0
DA:142,1
DA:145,0
DA:146,0
DA:147,0
DA:148,0
DA:149,0
DA:150,0
DA:151,0
DA:153,0
DA:154,0
DA:155,0
DA:156,0
DA:157,0
DA:158,0
DA:159,0
DA:160,0
DA:161,0
DA:163,0
DA:164,0
DA:165,0
DA:166,0
DA:167,0
DA:172,1
DA:176,1
DA:177,1
DA:178,0
DA:179,0
DA:181,1
DA:182,1
DA:185,1
DA:189,4
DA:190,4
DA:191,4
DA:192,4
DA:193,4
DA:194,4
DA:195,4
DA:196,1
DA:197,3
DA:198,3
DA:199,3
DA:200,3
DA:201,3
DA:202,3
DA:203,0
DA:204,3
DA:205,3
DA:206,3
DA:207,3
DA:208,3
DA:209,3
DA:212,3
DA:214,1
DA:215,1
DA:216,1
DA:217,1
DA:218,1
DA:219,1
DA:220,1
DA:223,2
DA:224,2
DA:225,2
DA:227,1
DA:228,1
DA:230,1
DA:231,1
DA:233,2
DA:234,2
DA:235,2
DA:236,2
DA:237,2
DA:238,2
DA:241,3
DA:242,3
DA:243,3
DA:244,3
DA:245,3
DA:246,3
DA:247,3
DA:248,3
DA:249,3
DA:250,4
DA:254,1
DA:255,1
DA:256,1
DA:257,1
DA:258,1
DA:259,1
DA:262,1
DA:264,1
DA:266,1
DA:269,1
DA:273,0
DA:277,0
DA:281,0
DA:285,0
DA:289,0
DA:293,0
DA:297,0
DA:301,0
DA:302,0
DA:306,0
DA:307,0
DA:311,0
DA:312,0
DA:316,0
DA:317,0
DA:321,0
DA:325,0
DA:329,0
DA:333,0
DA:336,0
DA:340,1
DA:341,1
DA:342,1
DA:343,1
DA:344,0
DA:347,1
DA:348,0
DA:349,0
DA:350,0
DA:351,0
DA:352,1
DA:353,1
DA:354,1
DA:367,1
DA:368,1
DA:369,1
DA:370,1
DA:371,1
DA:372,1
DA:375,1
DA:376,1
DA:377,1
DA:378,1
DA:381,1
DA:382,1
DA:383,1
DA:384,1
DA:385,1
DA:386,1
DA:387,1
DA:388,1
DA:389,1
DA:390,1
DA:392,1
DA:393,1
DA:394,1
DA:395,1
DA:396,1
DA:397,1
DA:398,1
DA:400,1
DA:401,1
DA:404,1
DA:405,1
DA:406,1
DA:407,1
DA:408,1
DA:409,1
DA:410,1
DA:411,1
DA:412,1
DA:413,1
DA:414,1
DA:415,1
DA:416,1
DA:417,1
DA:418,1
DA:419,1
DA:420,1
DA:421,1
DA:422,1
DA:423,1
DA:424,1
DA:425,1
DA:426,1
DA:427,1
DA:428,1
DA:429,1
DA:430,1
DA:431,1
DA:434,1
DA:435,1
DA:436,1
DA:437,1
DA:438,1
DA:439,1
DA:440,1
DA:441,1
DA:442,1
DA:443,1
DA:444,1
DA:445,1
DA:446,1
DA:447,1
DA:448,1
DA:449,1
DA:450,1
DA:451,1
DA:452,1
DA:453,1
DA:455,1
DA:456,1
DA:457,1
DA:458,1
DA:459,1
DA:460,1
DA:461,1
DA:462,1
DA:463,1
BRF:0
BRH:0
LF:275
LH:199
end_of_record
SF:/home/jade/rusty_dolphine/src/instruction/instruction.rs
FN:98,_RNvXs_NtNtCs1BEssZNQtIx_14rusty_dolphine11instruction11instructionNtB4_15InstructionTypeNtB4_11Instruction7execute
FN:106,_RNvNtNtCs1BEssZNQtIx_14rusty_dolphine11instruction11instruction15get_instruction
FN:137,_RNvNtNtCs1BEssZNQtIx_14rusty_dolphine11instruction11instruction7execute
FN:54,_RNvXNtNtCs1BEssZNQtIx_14rusty_dolphine11instruction11instructionNtB2_9ConditionNtNtCs7fbaA66h97J_4core3fmt7Display3fmt
FN:83,_RNvNtNtCs1BEssZNQtIx_14rusty_dolphine11instruction11instruction10get_s_flag
FN:87,_RNvNtNtCs1BEssZNQtIx_14rusty_dolphine11instruction11instruction30is_data_processing_instruction
FN:92,_RNvNtNtCs1BEssZNQtIx_14rusty_dolphine11instruction11instruction23is_multiply_instruction
FNDA:0,_RNvXs_NtNtCs1BEssZNQtIx_14rusty_dolphine11instruction11instructionNtB4_15InstructionTypeNtB4_11Instruction7execute
FNDA:0,_RNvNtNtCs1BEssZNQtIx_14rusty_dolphine11instruction11instruction15get_instruction
FNDA:0,_RNvNtNtCs1BEssZNQtIx_14rusty_dolphine11instruction11instruction7execute
FNDA:1,_RNvXNtNtCs1BEssZNQtIx_14rusty_dolphine11instruction11instructionNtB2_9ConditionNtNtCs7fbaA66h97J_4core3fmt7Display3fmt
FNDA:4,_RNvNtNtCs1BEssZNQtIx_14rusty_dolphine11instruction11instruction10get_s_flag
FNDA:4,_RNvNtNtCs1BEssZNQtIx_14rusty_dolphine11instruction11instruction30is_data_processing_instruction
FNDA:1,_RNvNtNtCs1BEssZNQtIx_14rusty_dolphine11instruction11instruction23is_multiply_instruction
FNF:7
FNH:4
DA:54,1
DA:55,1
DA:56,0
DA:57,0
DA:58,0
DA:59,0
DA:60,0
DA:61,0
DA:62,0
DA:63,0
DA:64,0
DA:65,0
DA:66,0
DA:67,0
DA:68,0
DA:69,0
DA:70,1
DA:71,0
DA:72,0
DA:74,1
DA:75,1
DA:83,4
DA:84,4
DA:85,4
DA:87,4
DA:88,4
DA:89,4
DA:90,4
DA:92,1
DA:93,1
DA:94,1
DA:95,1
DA:98,0
DA:99,0
DA:100,0
DA:101,0
DA:102,0
DA:103,0
DA:106,0
DA:107,0
DA:108,0
DA:109,0
DA:110,0
DA:111,0
DA:112,0
DA:113,0
DA:114,0
DA:116,0
DA:117,0
DA:118,0
DA:119,0
DA:122,0
DA:124,0
DA:125,0
DA:126,0
DA:127,0
DA:128,0
DA:129,0
DA:130,0
DA:132,0
DA:133,0
DA:134,0
DA:135,0
DA:137,0
DA:138,0
DA:139,0
BRF:0
BRH:0
LF:66
LH:16
end_of_record
SF:/home/jade/rusty_dolphine/src/instruction/multiply.rs
FN:31,_RNvXs_NtNtCs1BEssZNQtIx_14rusty_dolphine11instruction8multiplyNtB4_19MultiplyInstructionNtNtCs7fbaA66h97J_4core3fmt7Display3fmt
FN:75,_RNvXs1_NtNtCs1BEssZNQtIx_14rusty_dolphine11instruction8multiplyNtB5_14MultiplyOpcodeNtNtCs7fbaA66h97J_4core3fmt7Display3fmt
FN:178,_RNvXs3_NtNtCs1BEssZNQtIx_14rusty_dolphine11instruction8multiplyNtB5_19MultiplyInstructionNtNtB7_11instruction11Instruction7execute
FN:186,_RNCNvXs3_NtNtCs1BEssZNQtIx_14rusty_dolphine11instruction8multiplyNtB7_19MultiplyInstructionNtNtB9_11instruction11Instruction7execute0Bb_
FN:188,_RNCNvXs3_NtNtCs1BEssZNQtIx_14rusty_dolphine11instruction8multiplyNtB7_19MultiplyInstructionNtNtB9_11instruction11Instruction7executes_0Bb_
FN:189,_RNCNvXs3_NtNtCs1BEssZNQtIx_14rusty_dolphine11instruction8multiplyNtB7_19MultiplyInstructionNtNtB9_11instruction11Instruction7executes0_0Bb_
FN:222,_RNCNvXs3_NtNtCs1BEssZNQtIx_14rusty_dolphine11instruction8multiplyNtB7_19MultiplyInstructionNtNtB9_11instruction11Instruction7executes1_0Bb_
FN:234,_RNvNtNtNtCs1BEssZNQtIx_14rusty_dolphine11instruction8multiply5testss_15test_mul_decode
FN:21,_RNvMNtNtCs1BEssZNQtIx_14rusty_dolphine11instruction8multiplyNtB2_19MultiplyInstruction9condition
FN:25,_RNvMNtNtCs1BEssZNQtIx_14rusty_dolphine11instruction8multiplyNtB2_19MultiplyInstruction6opcode
FN:55,_RNvXs0_NtNtCs1BEssZNQtIx_14rusty_dolphine11instruction8multiplyNtB5_14MultiplyOpcodeINtNtCs7fbaA66h97J_4core7convert4FromhE4from
FN:110,_RNvXs2_NtNtCs1BEssZNQtIx_14rusty_dolphine11instruction8multiplyNtB5_19MultiplyInstructionNtNtB7_11instruction17DecodeInstruction6decode
FNDA:0,_RNvXs_NtNtCs1BEssZNQtIx_14rusty_dolphine11instruction8multiplyNtB4_19MultiplyInstructionNtNtCs7fbaA66h97J_4core3fmt7Display3fmt
FNDA:0,_RNvXs1_NtNtCs1BEssZNQtIx_14rusty_dolphine11instruction8multiplyNtB5_14MultiplyOpcodeNtNtCs7fbaA66h97J_4core3fmt7Display3fmt
FNDA:0,_RNvXs3_NtNtCs1BEssZNQtIx_14rusty_dolphine11instruction8multiplyNtB5_19MultiplyInstructionNtNtB7_11instruction11Instruction7execute
FNDA:0,_RNCNvXs3_NtNtCs1BEssZNQtIx_14rusty_dolphine11instruction8multiplyNtB7_19MultiplyInstructionNtNtB9_11instruction11Instruction7execute0Bb_
FNDA:0,_RNCNvXs3_NtNtCs1BEssZNQtIx_14rusty_dolphine11instruction8multiplyNtB7_19MultiplyInstructionNtNtB9_11instruction11Instruction7executes_0Bb_
FNDA:0,_RNCNvXs3_NtNtCs1BEssZNQtIx_14rusty_dolphine11instruction8multiplyNtB7_19MultiplyInstructionNtNtB9_11instruction11Instruction7executes0_0Bb_
FNDA:0,_RNCNvXs3_NtNtCs1BEssZNQtIx_14rusty_dolphine11instruction8multiplyNtB7_19MultiplyInstructionNtNtB9_11instruction11Instruction7executes1_0Bb_
FNDA:1,_RNvNtNtNtCs1BEssZNQtIx_14rusty_dolphine11instruction8multiply5testss_15test_mul_decode
FNDA:1,_RNvMNtNtCs1BEssZNQtIx_14rusty_dolphine11instruction8multiplyNtB2_19MultiplyInstruction9condition
FNDA:1,_RNvMNtNtCs1BEssZNQtIx_14rusty_dolphine11instruction8multiplyNtB2_19MultiplyInstruction6opcode
FNDA:2,_RNvXs0_NtNtCs1BEssZNQtIx_14rusty_dolphine11instruction8multiplyNtB5_14MultiplyOpcodeINtNtCs7fbaA66h97J_4core7convert4FromhE4from
FNDA:1,_RNvXs2_NtNtCs1BEssZNQtIx_14rusty_dolphine11instruction8multiplyNtB5_19MultiplyInstructionNtNtB7_11instruction17DecodeInstruction6decode
FNF:12
FNH:5
DA:21,1
DA:22,1
DA:23,1
DA:25,1
DA:26,1
DA:27,1
DA:31,0
DA:32,0
DA:33,0
DA:34,0
DA:55,2
DA:56,2
DA:57,2
DA:58,0
DA:59,0
DA:60,0
DA:61,0
DA:62,0
DA:63,0
DA:64,0
DA:65,0
DA:66,0
DA:67,0
DA:68,0
DA:69,0
DA:71,2
DA:75,0
DA:76,0
DA:77,0
DA:78,0
DA:79,0
DA:80,0
DA:81,0
DA:82,0
DA:83,0
DA:84,0
DA:85,0
DA:86,0
DA:87,0
DA:88,0
DA:89,0
DA:91,0
DA:110,1
DA:111,1
DA:112,1
DA:113,1
DA:114,1
DA:115,1
DA:116,1
DA:117,1
DA:118,0
DA:119,1
DA:120,1
DA:121,1
DA:122,1
DA:123,1
DA:124,1
DA:125,0
DA:126,1
DA:127,1
DA:128,1
DA:129,1
DA:130,1
DA:131,0
DA:132,1
DA:133,1
DA:134,1
DA:135,1
DA:136,1
DA:138,1
DA:140,0
DA:141,0
DA:142,0
DA:143,0
DA:144,0
DA:145,0
DA:146,0
DA:147,0
DA:148,0
DA:149,0
DA:150,0
DA:151,0
DA:152,0
DA:153,0
DA:154,0
DA:157,1
DA:158,0
DA:159,1
DA:160,1
DA:161,1
DA:162,1
DA:165,1
DA:166,1
DA:167,1
DA:168,1
DA:169,1
DA:170,1
DA:171,1
DA:172,1
DA:173,1
DA:174,1
DA:178,0
DA:179,0
DA:180,0
DA:181,0
DA:183,0
DA:184,0
DA:185,0
DA:186,0
DA:188,0
DA:189,0
DA:191,0
DA:192,0
DA:193,0
DA:194,0
DA:195,0
DA:196,0
DA:197,0
DA:198,0
DA:200,0
DA:203,0
DA:206,0
DA:209,0
DA:212,0
DA:215,0
DA:219,0
DA:222,0
DA:223,0
DA:224,0
DA:234,1
DA:235,1
DA:236,1
DA:237,1
DA:238,1
DA:239,1
DA:240,1
DA:241,1
DA:242,1
DA:243,1
DA:244,1
DA:245,1
DA:246,1
DA:247,1
DA:248,1
DA:249,1
DA:250,1
DA:252,1
DA:253,1
DA:254,1
DA:255,1
DA:256,1
BRF:0
BRH:0
LF:155
LH:72
end_of_record
SF:/home/jade/rusty_dolphine/src/instruction/shift.rs
FN:137,_RNvNtNtNtCs1BEssZNQtIx_14rusty_dolphine11instruction5shift5testss_14test_shift_lsl
FN:148,_RNvNtNtNtCs1BEssZNQtIx_14rusty_dolphine11instruction5shift5testss_15test_shift_lsl0
FN:159,_RNvNtNtNtCs1BEssZNQtIx_14rusty_dolphine11instruction5shift5testss_14test_shift_lsr
FN:171,_RNvNtNtNtCs1BEssZNQtIx_14rusty_dolphine11instruction5shift5testss_15test_shift_lsr0
FN:182,_RNvNtNtNtCs1BEssZNQtIx_14rusty_dolphine11instruction5shift5testss_14test_shift_asr
FN:193,_RNvNtNtNtCs1BEssZNQtIx_14rusty_dolphine11instruction5shift5testss_15test_shift_asr0
FN:205,_RNvNtNtNtCs1BEssZNQtIx_14rusty_dolphine11instruction5shift5testss_14test_shift_ror
FN:217,_RNvNtNtNtCs1BEssZNQtIx_14rusty_dolphine11instruction5shift5testss_15test_shift_ror0
FN:12,_RNvXNtNtCs1BEssZNQtIx_14rusty_dolphine11instruction5shiftNtB2_7ShiftByNtNtCs7fbaA66h97J_4core3fmt7Display3fmt
FN:37,_RNvMs_NtNtCs1BEssZNQtIx_14rusty_dolphine11instruction5shiftNtB4_11ShiftResult3new
FN:60,_RNvMs0_NtNtCs1BEssZNQtIx_14rusty_dolphine11instruction5shiftNtB5_9ShiftType5shift
FN:120,_RNvXs1_NtNtCs1BEssZNQtIx_14rusty_dolphine11instruction5shiftNtB5_9ShiftTypeNtNtCs7fbaA66h97J_4core3fmt7Display3fmt
FNDA:1,_RNvNtNtNtCs1BEssZNQtIx_14rusty_dolphine11instruction5shift5testss_14test_shift_lsl
FNDA:1,_RNvNtNtNtCs1BEssZNQtIx_14rusty_dolphine11instruction5shift5testss_15test_shift_lsl0
FNDA:1,_RNvNtNtNtCs1BEssZNQtIx_14rusty_dolphine11instruction5shift5testss_14test_shift_lsr
FNDA:1,_RNvNtNtNtCs1BEssZNQtIx_14rusty_dolphine11instruction5shift5testss_15test_shift_lsr0
FNDA:1,_RNvNtNtNtCs1BEssZNQtIx_14rusty_dolphine11instruction5shift5testss_14test_shift_asr
FNDA:1,_RNvNtNtNtCs1BEssZNQtIx_14rusty_dolphine11instruction5shift5testss_15test_shift_asr0
FNDA:1,_RNvNtNtNtCs1BEssZNQtIx_14rusty_dolphine11instruction5shift5testss_14test_shift_ror
FNDA:1,_RNvNtNtNtCs1BEssZNQtIx_14rusty_dolphine11instruction5shift5testss_15test_shift_ror0
FNDA:1,_RNvXNtNtCs1BEssZNQtIx_14rusty_dolphine11instruction5shiftNtB2_7ShiftByNtNtCs7fbaA66h97J_4core3fmt7Display3fmt
FNDA:9,_RNvMs_NtNtCs1BEssZNQtIx_14rusty_dolphine11instruction5shiftNtB4_11ShiftResult3new
FNDA:9,_RNvMs0_NtNtCs1BEssZNQtIx_14rusty_dolphine11instruction5shiftNtB5_9ShiftType5shift
FNDA:1,_RNvXs1_NtNtCs1BEssZNQtIx_14rusty_dolphine11instruction5shiftNtB5_9ShiftTypeNtNtCs7fbaA66h97J_4core3fmt7Display3fmt
FNF:12
FNH:12
DA:12,1
DA:13,1
DA:14,1
DA:15,0
DA:17,1
DA:37,9
DA:38,9
DA:39,9
DA:40,9
DA:41,9
DA:42,9
DA:60,9
DA:61,9
DA:62,9
DA:63,9
DA:67,2
DA:68,1
DA:69,1
DA:70,1
DA:71,1
DA:72,1
DA:76,2
DA:78,1
DA:79,1
DA:80,1
DA:81,1
DA:82,1
DA:86,2
DA:87,1
DA:88,1
DA:89,1
DA:90,1
DA:91,1
DA:92,1
DA:94,0
DA:96,1
DA:97,1
DA:98,1
DA:99,1
DA:103,3
DA:105,2
DA:106,2
DA:107,2
DA:108,1
DA:109,1
DA:110,1
DA:111,1
DA:112,1
DA:114,0
DA:116,9
DA:120,1
DA:121,1
DA:122,1
DA:123,0
DA:124,0
DA:125,0
DA:126,0
DA:128,1
DA:129,1
DA:137,1
DA:138,1
DA:139,1
DA:140,1
DA:141,1
DA:142,1
DA:143,1
DA:144,1
DA:145,1
DA:148,1
DA:149,1
DA:150,1
DA:151,1
DA:152,1
DA:153,1
DA:154,1
DA:155,1
DA:156,1
DA:159,1
DA:160,1
DA:161,1
DA:162,1
DA:163,1
DA:164,1
DA:165,1
DA:166,1
DA:167,1
DA:168,1
DA:171,1
DA:172,1
DA:173,1
DA:174,1
DA:175,1
DA:176,1
DA:177,1
DA:178,1
DA:179,1
DA:182,1
DA:183,1
DA:184,1
DA:185,1
DA:186,1
DA:187,1
DA:188,1
DA:189,1
DA:190,1
DA:193,1
DA:194,1
DA:195,1
DA:196,1
DA:197,1
DA:198,1
DA:199,1
DA:201,1
DA:202,1
DA:205,1
DA:206,1
DA:207,1
DA:208,1
DA:209,1
DA:210,1
DA:211,1
DA:212,1
DA:213,1
DA:214,1
DA:217,1
DA:218,1
DA:219,1
DA:220,1
DA:221,1
DA:222,1
DA:223,1
DA:224,1
DA:225,1
DA:227,1
DA:228,1
DA:229,1
DA:230,1
DA:231,1
BRF:0
BRH:0
LF:138
LH:131
end_of_record
SF:/home/jade/rusty_dolphine/src/main.rs
FN:11,_RNvCs1BEssZNQtIx_14rusty_dolphine4main
FNDA:0,_RNvCs1BEssZNQtIx_14rusty_dolphine4main
FNF:1
FNH:0
DA:11,0
DA:12,0
DA:13,0
BRF:0
BRH:0
LF:3
LH:0
end_of_record
SF:/home/jade/rusty_dolphine/src/memory/memory.rs
FN:46,_RNvNtNtNtCs1BEssZNQtIx_14rusty_dolphine6memory6memory5testss_16test_read_memory
FN:62,_RNvNtNtNtCs1BEssZNQtIx_14rusty_dolphine6memory6memory5testss_32test_read_memory_invalid_address
FN:75,_RNvNtNtNtCs1BEssZNQtIx_14rusty_dolphine6memory6memory5testss_26test_write_invalid_address
FN:88,_RNvNtNtNtCs1BEssZNQtIx_14rusty_dolphine6memory6memory5testss_17test_write_memory
FN:102,_RNvNtNtNtCs1BEssZNQtIx_14rusty_dolphine6memory6memory5testss_23test_read_out_of_bounds
FN:115,_RNvNtNtNtCs1BEssZNQtIx_14rusty_dolphine6memory6memory5testss_24test_write_out_of_bounds
FN:4,_RNvNtNtCs1BEssZNQtIx_14rusty_dolphine6memory6memory11read_memory
FN:22,_RNvNtNtCs1BEssZNQtIx_14rusty_dolphine6memory6memory12write_memory
FNDA:1,_RNvNtNtNtCs1BEssZNQtIx_14rusty_dolphine6memory6memory5testss_16test_read_memory
FNDA:1,_RNvNtNtNtCs1BEssZNQtIx_14rusty_dolphine6memory6memory5testss_32test_read_memory_invalid_address
FNDA:1,_RNvNtNtNtCs1BEssZNQtIx_14rusty_dolphine6memory6memory5testss_26test_write_invalid_address
FNDA:1,_RNvNtNtNtCs1BEssZNQtIx_14rusty_dolphine6memory6memory5testss_17test_write_memory
FNDA:1,_RNvNtNtNtCs1BEssZNQtIx_14rusty_dolphine6memory6memory5testss_23test_read_out_of_bounds
FNDA:1,_RNvNtNtNtCs1BEssZNQtIx_14rusty_dolphine6memory6memory5testss_24test_write_out_of_bounds
FNDA:5,_RNvNtNtCs1BEssZNQtIx_14rusty_dolphine6memory6memory11read_memory
FNDA:3,_RNvNtNtCs1BEssZNQtIx_14rusty_dolphine6memory6memory12write_memory
FNF:8
FNH:8
DA:4,5
DA:5,5
DA:6,4
DA:7,4
DA:8,4
DA:9,4
DA:10,4
DA:11,1
DA:12,3
DA:13,3
DA:16,1
DA:19,3
DA:20,5
DA:22,3
DA:23,3
DA:24,2
DA:25,2
DA:26,2
DA:27,2
DA:28,2
DA:29,1
DA:30,1
DA:31,1
DA:34,1
DA:37,1
DA:38,3
DA:46,1
DA:47,1
DA:48,1
DA:49,1
DA:50,1
DA:51,1
DA:52,1
DA:55,1
DA:56,1
DA:57,1
DA:58,1
DA:59,1
DA:62,1
DA:63,1
DA:64,1
DA:65,1
DA:66,1
DA:67,1
DA:68,1
DA:69,0
DA:70,1
DA:72,1
DA:75,1
DA:76,1
DA:77,1
DA:78,1
DA:79,1
DA:80,1
DA:81,1
DA:82,0
DA:83,1
DA:85,1
DA:88,1
DA:89,1
DA:90,1
DA:91,1
DA:92,1
DA:93,1
DA:94,1
DA:95,1
DA:96,1
DA:97,1
DA:98,1
DA:99,1
DA:102,1
DA:103,1
DA:104,1
DA:105,1
DA:106,1
DA:107,1
DA:108,1
DA:109,0
DA:110,1
DA:112,1
DA:115,1
DA:116,1
DA:117,1
DA:118,1
DA:119,1
DA:120,1
DA:121,1
DA:122,0
DA:123,1
DA:125,1
BRF:0
BRH:0
LF:90
LH:86
end_of_record
SF:/home/jade/rusty_dolphine/src/memory/memory_bus.rs
FN:15,_RNvMNtNtCs1BEssZNQtIx_14rusty_dolphine6memory10memory_busNtB2_9MemoryBus6sector
FN:21,_RNvMNtNtCs1BEssZNQtIx_14rusty_dolphine6memory10memory_busNtB2_9MemoryBus12total_memory
FN:26,_RNvMNtNtCs1BEssZNQtIx_14rusty_dolphine6memory10memory_busNtB2_9MemoryBus7builder
FN:47,_RNvMs0_NtNtCs1BEssZNQtIx_14rusty_dolphine6memory10memory_busNtB5_16MemoryBusBuilder3new
FN:53,_RNvMs0_NtNtCs1BEssZNQtIx_14rusty_dolphine6memory10memory_busNtB5_16MemoryBusBuilder16sector_with_size
FN:67,_RNvMs0_NtNtCs1BEssZNQtIx_14rusty_dolphine6memory10memory_busNtB5_16MemoryBusBuilder21sector_with_addresses
FN:81,_RNvMs0_NtNtCs1BEssZNQtIx_14rusty_dolphine6memory10memory_busNtB5_16MemoryBusBuilder5build
FN:94,_RNvNtNtNtCs1BEssZNQtIx_14rusty_dolphine6memory10memory_bus5testss_40test_memory_bus_builder_sector_with_size
FN:110,_RNvNtNtNtCs1BEssZNQtIx_14rusty_dolphine6memory10memory_bus5testss_49test_memory_bus_builder_multiple_sector_with_size
FN:134,_RNvNtNtNtCs1BEssZNQtIx_14rusty_dolphine6memory10memory_bus5testss_45test_memory_bus_builder_sector_with_addresses
FN:149,_RNvNtNtNtCs1BEssZNQtIx_14rusty_dolphine6memory10memory_bus5testss_38test_memory_bus_builder_inavlid_sector
FN:32,_RNvXs_NtNtCs1BEssZNQtIx_14rusty_dolphine6memory10memory_busNtB4_9MemoryBusNtNtCs7fbaA66h97J_4core3fmt7Display3fmt
FN:16,_RNCNvMNtNtCs1BEssZNQtIx_14rusty_dolphine6memory10memory_busNtB4_9MemoryBus6sector0B8_
FN:23,_RNCNvMNtNtCs1BEssZNQtIx_14rusty_dolphine6memory10memory_busNtB4_9MemoryBus12total_memory0B8_
FN:62,_RNCNvMs0_NtNtCs1BEssZNQtIx_14rusty_dolphine6memory10memory_busNtB7_16MemoryBusBuilder16sector_with_size0Bb_
FN:76,_RNCNvMs0_NtNtCs1BEssZNQtIx_14rusty_dolphine6memory10memory_busNtB7_16MemoryBusBuilder21sector_with_addresses0Bb_
FNDA:56,_RNvMNtNtCs1BEssZNQtIx_14rusty_dolphine6memory10memory_busNtB2_9MemoryBus6sector
FNDA:4,_RNvMNtNtCs1BEssZNQtIx_14rusty_dolphine6memory10memory_busNtB2_9MemoryBus12total_memory
FNDA:11,_RNvMNtNtCs1BEssZNQtIx_14rusty_dolphine6memory10memory_busNtB2_9MemoryBus7builder
FNDA:11,_RNvMs0_NtNtCs1BEssZNQtIx_14rusty_dolphine6memory10memory_busNtB5_16MemoryBusBuilder3new
FNDA:11,_RNvMs0_NtNtCs1BEssZNQtIx_14rusty_dolphine6memory10memory_busNtB5_16MemoryBusBuilder16sector_with_size
FNDA:6,_RNvMs0_NtNtCs1BEssZNQtIx_14rusty_dolphine6memory10memory_busNtB5_16MemoryBusBuilder21sector_with_addresses
FNDA:10,_RNvMs0_NtNtCs1BEssZNQtIx_14rusty_dolphine6memory10memory_busNtB5_16MemoryBusBuilder5build
FNDA:1,_RNvNtNtNtCs1BEssZNQtIx_14rusty_dolphine6memory10memory_bus5testss_40test_memory_bus_builder_sector_with_size
FNDA:1,_RNvNtNtNtCs1BEssZNQtIx_14rusty_dolphine6memory10memory_bus5testss_49test_memory_bus_builder_multiple_sector_with_size
FNDA:1,_RNvNtNtNtCs1BEssZNQtIx_14rusty_dolphine6memory10memory_bus5testss_45test_memory_bus_builder_sector_with_addresses
FNDA:1,_RNvNtNtNtCs1BEssZNQtIx_14rusty_dolphine6memory10memory_bus5testss_38test_memory_bus_builder_inavlid_sector
FNDA:0,_RNvXs_NtNtCs1BEssZNQtIx_14rusty_dolphine6memory10memory_busNtB4_9MemoryBusNtNtCs7fbaA66h97J_4core3fmt7Display3fmt
FNDA:71,_RNCNvMNtNtCs1BEssZNQtIx_14rusty_dolphine6memory10memory_busNtB4_9MemoryBus6sector0B8_
FNDA:8,_RNCNvMNtNtCs1BEssZNQtIx_14rusty_dolphine6memory10memory_busNtB4_9MemoryBus12total_memory0B8_
FNDA:0,_RNCNvMs0_NtNtCs1BEssZNQtIx_14rusty_dolphine6memory10memory_busNtB7_16MemoryBusBuilder16sector_with_size0Bb_
FNDA:0,_RNCNvMs0_NtNtCs1BEssZNQtIx_14rusty_dolphine6memory10memory_busNtB7_16MemoryBusBuilder21sector_with_addresses0Bb_
FNF:16
FNH:13
DA:15,56
DA:16,71
DA:17,71
DA:18,71
DA:19,56
DA:21,4
DA:22,4
DA:23,8
DA:24,4
DA:26,11
DA:27,11
DA:28,11
DA:32,0
DA:33,0
DA:34,0
DA:37,0
DA:38,0
DA:47,11
DA:48,11
DA:49,11
DA:50,11
DA:51,11
DA:53,11
DA:54,11
DA:55,1
DA:56,10
DA:57,10
DA:58,10
DA:59,0
DA:60,10
DA:62,10
DA:63,10
DA:64,10
DA:65,11
DA:67,6
DA:68,6
DA:69,1
DA:70,5
DA:71,5
DA:72,5
DA:73,0
DA:74,5
DA:76,5
DA:77,5
DA:78,5
DA:79,6
DA:81,10
DA:82,10
DA:83,10
DA:94,1
DA:95,1
DA:96,1
DA:97,1
DA:98,1
DA:99,1
DA:100,1
DA:103,1
DA:104,1
DA:105,1
DA:106,1
DA:107,1
DA:110,1
DA:111,1
DA:112,1
DA:113,1
DA:114,1
DA:115,1
DA:116,1
DA:117,1
DA:118,1
DA:120,1
DA:121,1
DA:122,1
DA:123,1
DA:124,1
DA:126,1
DA:127,1
DA:128,1
DA:129,1
DA:130,1
DA:131,1
DA:134,1
DA:135,1
DA:136,1
DA:137,1
DA:138,1
DA:139,1
DA:140,1
DA:143,1
DA:144,1
DA:145,1
DA:146,1
DA:149,1
DA:150,1
DA:151,1
DA:152,1
DA:153,1
DA:154,1
DA:155,0
DA:156,1
DA:159,1
DA:160,0
DA:161,1
DA:163,1
BRF:0
BRH:0
LF:109
LH:98
end_of_record
SF:/home/jade/rusty_dolphine/src/memory/memory_sector.rs
FN:14,_RNvXNtNtCs1BEssZNQtIx_14rusty_dolphine6memory13memory_sectorNtB2_12MemorySectorNtNtCs7fbaA66h97J_4core3fmt7Display3fmt
FN:21,_RNvMs_NtNtCs1BEssZNQtIx_14rusty_dolphine6memory13memory_sectorNtB4_12MemorySector9with_size
FN:34,_RNvMs_NtNtCs1BEssZNQtIx_14rusty_dolphine6memory13memory_sectorNtB4_12MemorySector14with_addresses
FN:51,_RNvMs_NtNtCs1BEssZNQtIx_14rusty_dolphine6memory13memory_sectorNtB4_12MemorySector4size
FN:64,_RNvNtNtNtCs1BEssZNQtIx_14rusty_dolphine6memory13memory_sector5testss_28test_memory_sector_with_size
FN:74,_RNvNtNtNtCs1BEssZNQtIx_14rusty_dolphine6memory13memory_sector5testss_33test_memory_sector_with_addresses
FN:85,_RNvNtNtNtCs1BEssZNQtIx_14rusty_dolphine6memory13memory_sector5testss_31test_memory_sector_invalid_size
FN:96,_RNvNtNtNtCs1BEssZNQtIx_14rusty_dolphine6memory13memory_sector5testss_36test_memory_sector_invalid_addresses
FNDA:1,_RNvXNtNtCs1BEssZNQtIx_14rusty_dolphine6memory13memory_sectorNtB2_12MemorySectorNtNtCs7fbaA66h97J_4core3fmt7Display3fmt
FNDA:12,_RNvMs_NtNtCs1BEssZNQtIx_14rusty_dolphine6memory13memory_sectorNtB4_12MemorySector9with_size
FNDA:7,_RNvMs_NtNtCs1BEssZNQtIx_14rusty_dolphine6memory13memory_sectorNtB4_12MemorySector14with_addresses
FNDA:18,_RNvMs_NtNtCs1BEssZNQtIx_14rusty_dolphine6memory13memory_sectorNtB4_12MemorySector4size
FNDA:1,_RNvNtNtNtCs1BEssZNQtIx_14rusty_dolphine6memory13memory_sector5testss_28test_memory_sector_with_size
FNDA:1,_RNvNtNtNtCs1BEssZNQtIx_14rusty_dolphine6memory13memory_sector5testss_33test_memory_sector_with_addresses
FNDA:1,_RNvNtNtNtCs1BEssZNQtIx_14rusty_dolphine6memory13memory_sector5testss_31test_memory_sector_invalid_size
FNDA:1,_RNvNtNtNtCs1BEssZNQtIx_14rusty_dolphine6memory13memory_sector5testss_36test_memory_sector_invalid_addresses
FNF:8
FNH:8
DA:14,1
DA:15,1
DA:16,1
DA:21,12
DA:23,12
DA:24,11
DA:25,11
DA:26,11
DA:27,11
DA:28,11
DA:29,11
DA:30,1
DA:31,1
DA:32,12
DA:34,7
DA:37,7
DA:38,6
DA:39,6
DA:40,6
DA:41,6
DA:42,6
DA:43,6
DA:44,6
DA:45,6
DA:46,6
DA:47,1
DA:48,1
DA:49,7
DA:51,18
DA:52,18
DA:53,18
DA:64,1
DA:65,1
DA:66,1
DA:67,1
DA:68,1
DA:69,1
DA:70,1
DA:71,1
DA:74,1
DA:75,1
DA:76,1
DA:77,1
DA:78,1
DA:79,1
DA:80,1
DA:81,1
DA:82,1
DA:85,1
DA:86,1
DA:87,1
DA:88,1
DA:89,1
DA:90,0
DA:91,1
DA:93,1
DA:96,1
DA:97,1
DA:98,1
DA:99,1
DA:100,1
DA:101,1
DA:102,0
DA:103,1
DA:105,1
BRF:0
BRH:0
LF:65
LH:63
end_of_record
SF:/home/jade/rusty_dolphine/src/register/cpsr.rs
FN:200,_RNvNtNtNtCs1BEssZNQtIx_14rusty_dolphine8register4cpsr5testss_17test_cpsr_display
FN:208,_RNvNtNtNtCs1BEssZNQtIx_14rusty_dolphine8register4cpsr5testss_17test_default_cpsr
FN:226,_RNvNtNtNtCs1BEssZNQtIx_14rusty_dolphine8register4cpsr5testss_9test_setn
FN:234,_RNvNtNtNtCs1BEssZNQtIx_14rusty_dolphine8register4cpsr5testss_9test_setz
FN:242,_RNvNtNtNtCs1BEssZNQtIx_14rusty_dolphine8register4cpsr5testss_9test_setc
FN:250,_RNvNtNtNtCs1BEssZNQtIx_14rusty_dolphine8register4cpsr5testss_9test_setv
FN:258,_RNvNtNtNtCs1BEssZNQtIx_14rusty_dolphine8register4cpsr5testss_9test_setq
FN:266,_RNvNtNtNtCs1BEssZNQtIx_14rusty_dolphine8register4cpsr5testss_9test_setj
FN:274,_RNvNtNtNtCs1BEssZNQtIx_14rusty_dolphine8register4cpsr5testss_9test_sete
FN:282,_RNvNtNtNtCs1BEssZNQtIx_14rusty_dolphine8register4cpsr5testss_9test_seta
FN:290,_RNvNtNtNtCs1BEssZNQtIx_14rusty_dolphine8register4cpsr5testss_9test_seti
FN:298,_RNvNtNtNtCs1BEssZNQtIx_14rusty_dolphine8register4cpsr5testss_9test_setf
FN:306,_RNvNtNtNtCs1BEssZNQtIx_14rusty_dolphine8register4cpsr5testss_14test_set_state
FN:72,_RNvMNtNtCs1BEssZNQtIx_14rusty_dolphine8register4cpsrNtB2_4CPSR11is_negative
FN:76,_RNvMNtNtCs1BEssZNQtIx_14rusty_dolphine8register4cpsrNtB2_4CPSR4setn
FN:80,_RNvMNtNtCs1BEssZNQtIx_14rusty_dolphine8register4cpsrNtB2_4CPSR7is_zero
FN:84,_RNvMNtNtCs1BEssZNQtIx_14rusty_dolphine8register4cpsrNtB2_4CPSR4setz
FN:88,_RNvMNtNtCs1BEssZNQtIx_14rusty_dolphine8register4cpsrNtB2_4CPSR5carry
FN:96,_RNvMNtNtCs1BEssZNQtIx_14rusty_dolphine8register4cpsrNtB2_4CPSR4setc
FN:100,_RNvMNtNtCs1BEssZNQtIx_14rusty_dolphine8register4cpsrNtB2_4CPSR11is_overflow
FN:104,_RNvMNtNtCs1BEssZNQtIx_14rusty_dolphine8register4cpsrNtB2_4CPSR4setv
FN:108,_RNvMNtNtCs1BEssZNQtIx_14rusty_dolphine8register4cpsrNtB2_4CPSR18is_sticky_overflow
FN:112,_RNvMNtNtCs1BEssZNQtIx_14rusty_dolphine8register4cpsrNtB2_4CPSR4setq
FN:116,_RNvMNtNtCs1BEssZNQtIx_14rusty_dolphine8register4cpsrNtB2_4CPSR10is_jazelle
FN:120,_RNvMNtNtCs1BEssZNQtIx_14rusty_dolphine8register4cpsrNtB2_4CPSR4setj
FN:124,_RNvMNtNtCs1BEssZNQtIx_14rusty_dolphine8register4cpsrNtB2_4CPSR13is_big_endian
FN:128,_RNvMNtNtCs1BEssZNQtIx_14rusty_dolphine8register4cpsrNtB2_4CPSR4sete
FN:132,_RNvMNtNtCs1BEssZNQtIx_14rusty_dolphine8register4cpsrNtB2_4CPSR16is_abort_disable
FN:136,_RNvMNtNtCs1BEssZNQtIx_14rusty_dolphine8register4cpsrNtB2_4CPSR4seta
FN:140,_RNvMNtNtCs1BEssZNQtIx_14rusty_dolphine8register4cpsrNtB2_4CPSR14is_irq_disable
FN:144,_RNvMNtNtCs1BEssZNQtIx_14rusty_dolphine8register4cpsrNtB2_4CPSR4seti
FN:148,_RNvMNtNtCs1BEssZNQtIx_14rusty_dolphine8register4cpsrNtB2_4CPSR14is_fiq_disable
FN:152,_RNvMNtNtCs1BEssZNQtIx_14rusty_dolphine8register4cpsrNtB2_4CPSR4setf
FN:156,_RNvMNtNtCs1BEssZNQtIx_14rusty_dolphine8register4cpsrNtB2_4CPSR5state
FN:164,_RNvMNtNtCs1BEssZNQtIx_14rusty_dolphine8register4cpsrNtB2_4CPSR9set_state
FN:174,_RNvXs_NtNtCs1BEssZNQtIx_14rusty_dolphine8register4cpsrNtB4_4CPSRNtNtCs7fbaA66h97J_4core3fmt7Display3fmt
FNDA:1,_RNvNtNtNtCs1BEssZNQtIx_14rusty_dolphine8register4cpsr5testss_17test_cpsr_display
FNDA:1,_RNvNtNtNtCs1BEssZNQtIx_14rusty_dolphine8register4cpsr5testss_17test_default_cpsr
FNDA:1,_RNvNtNtNtCs1BEssZNQtIx_14rusty_dolphine8register4cpsr5testss_9test_setn
FNDA:1,_RNvNtNtNtCs1BEssZNQtIx_14rusty_dolphine8register4cpsr5testss_9test_setz
FNDA:1,_RNvNtNtNtCs1BEssZNQtIx_14rusty_dolphine8register4cpsr5testss_9test_setc
FNDA:1,_RNvNtNtNtCs1BEssZNQtIx_14rusty_dolphine8register4cpsr5testss_9test_setv
FNDA:1,_RNvNtNtNtCs1BEssZNQtIx_14rusty_dolphine8register4cpsr5testss_9test_setq
FNDA:1,_RNvNtNtNtCs1BEssZNQtIx_14rusty_dolphine8register4cpsr5testss_9test_setj
FNDA:1,_RNvNtNtNtCs1BEssZNQtIx_14rusty_dolphine8register4cpsr5testss_9test_sete
FNDA:1,_RNvNtNtNtCs1BEssZNQtIx_14rusty_dolphine8register4cpsr5testss_9test_seta
FNDA:1,_RNvNtNtNtCs1BEssZNQtIx_14rusty_dolphine8register4cpsr5testss_9test_seti
FNDA:1,_RNvNtNtNtCs1BEssZNQtIx_14rusty_dolphine8register4cpsr5testss_9test_setf
FNDA:1,_RNvNtNtNtCs1BEssZNQtIx_14rusty_dolphine8register4cpsr5testss_14test_set_state
FNDA:3,_RNvMNtNtCs1BEssZNQtIx_14rusty_dolphine8register4cpsrNtB2_4CPSR11is_negative
FNDA:1,_RNvMNtNtCs1BEssZNQtIx_14rusty_dolphine8register4cpsrNtB2_4CPSR4setn
FNDA:3,_RNvMNtNtCs1BEssZNQtIx_14rusty_dolphine8register4cpsrNtB2_4CPSR7is_zero
FNDA:1,_RNvMNtNtCs1BEssZNQtIx_14rusty_dolphine8register4cpsrNtB2_4CPSR4setz
FNDA:3,_RNvMNtNtCs1BEssZNQtIx_14rusty_dolphine8register4cpsrNtB2_4CPSR5carry
FNDA:1,_RNvMNtNtCs1BEssZNQtIx_14rusty_dolphine8register4cpsrNtB2_4CPSR4setc
FNDA:3,_RNvMNtNtCs1BEssZNQtIx_14rusty_dolphine8register4cpsrNtB2_4CPSR11is_overflow
FNDA:1,_RNvMNtNtCs1BEssZNQtIx_14rusty_dolphine8register4cpsrNtB2_4CPSR4setv
FNDA:3,_RNvMNtNtCs1BEssZNQtIx_14rusty_dolphine8register4cpsrNtB2_4CPSR18is_sticky_overflow
FNDA:1,_RNvMNtNtCs1BEssZNQtIx_14rusty_dolphine8register4cpsrNtB2_4CPSR4setq
FNDA:3,_RNvMNtNtCs1BEssZNQtIx_14rusty_dolphine8register4cpsrNtB2_4CPSR10is_jazelle
FNDA:1,_RNvMNtNtCs1BEssZNQtIx_14rusty_dolphine8register4cpsrNtB2_4CPSR4setj
FNDA:3,_RNvMNtNtCs1BEssZNQtIx_14rusty_dolphine8register4cpsrNtB2_4CPSR13is_big_endian
FNDA:1,_RNvMNtNtCs1BEssZNQtIx_14rusty_dolphine8register4cpsrNtB2_4CPSR4sete
FNDA:3,_RNvMNtNtCs1BEssZNQtIx_14rusty_dolphine8register4cpsrNtB2_4CPSR16is_abort_disable
FNDA:1,_RNvMNtNtCs1BEssZNQtIx_14rusty_dolphine8register4cpsrNtB2_4CPSR4seta
FNDA:3,_RNvMNtNtCs1BEssZNQtIx_14rusty_dolphine8register4cpsrNtB2_4CPSR14is_irq_disable
FNDA:1,_RNvMNtNtCs1BEssZNQtIx_14rusty_dolphine8register4cpsrNtB2_4CPSR4seti
FNDA:3,_RNvMNtNtCs1BEssZNQtIx_14rusty_dolphine8register4cpsrNtB2_4CPSR14is_fiq_disable
FNDA:1,_RNvMNtNtCs1BEssZNQtIx_14rusty_dolphine8register4cpsrNtB2_4CPSR4setf
FNDA:3,_RNvMNtNtCs1BEssZNQtIx_14rusty_dolphine8register4cpsrNtB2_4CPSR5state
FNDA:1,_RNvMNtNtCs1BEssZNQtIx_14rusty_dolphine8register4cpsrNtB2_4CPSR9set_state
FNDA:1,_RNvXs_NtNtCs1BEssZNQtIx_14rusty_dolphine8register4cpsrNtB4_4CPSRNtNtCs7fbaA66h97J_4core3fmt7Display3fmt
FNF:36
FNH:36
DA:72,3
DA:73,3
DA:74,3
DA:76,1
DA:77,1
DA:78,1
DA:80,3
DA:81,3
DA:82,3
DA:84,1
DA:85,1
DA:86,1
DA:88,3
DA:89,3
DA:90,1
DA:92,2
DA:94,3
DA:96,1
DA:97,1
DA:98,1
DA:100,3
DA:101,3
DA:102,3
DA:104,1
DA:105,1
DA:106,1
DA:108,3
DA:109,3
DA:110,3
DA:112,1
DA:113,1
DA:114,1
DA:116,3
DA:117,3
DA:118,3
DA:120,1
DA:121,1
DA:122,1
DA:124,3
DA:125,3
DA:126,3
DA:128,1
DA:129,1
DA:130,1
DA:132,3
DA:133,3
DA:134,3
DA:136,1
DA:137,1
DA:138,1
DA:140,3
DA:141,3
DA:142,3
DA:144,1
DA:145,1
DA:146,1
DA:148,3
DA:149,3
DA:150,3
DA:152,1
DA:153,1
DA:154,1
DA:156,3
DA:157,3
DA:158,1
DA:160,2
DA:162,3
DA:164,1
DA:165,1
DA:166,0
DA:167,1
DA:168,0
DA:170,1
DA:174,1
DA:175,1
DA:176,1
DA:177,1
DA:178,1
DA:179,1
DA:180,1
DA:181,1
DA:182,1
DA:183,1
DA:184,1
DA:185,1
DA:186,1
DA:187,1
DA:188,1
DA:189,1
DA:191,1
DA:192,1
DA:200,1
DA:201,1
DA:202,1
DA:203,1
DA:204,1
DA:205,1
DA:208,1
DA:209,1
DA:210,1
DA:212,1
DA:213,1
DA:214,1
DA:215,1
DA:216,1
DA:217,1
DA:218,1
DA:219,1
DA:220,1
DA:221,1
DA:222,1
DA:223,1
DA:226,1
DA:227,1
DA:228,1
DA:229,1
DA:230,1
DA:231,1
DA:234,1
DA:235,1
DA:236,1
DA:237,1
DA:238,1
DA:239,1
DA:242,1
DA:243,1
DA:244,1
DA:245,1
DA:246,1
DA:247,1
DA:250,1
DA:251,1
DA:252,1
DA:253,1
DA:254,1
DA:255,1
DA:258,1
DA:259,1
DA:260,1
DA:261,1
DA:262,1
DA:263,1
DA:266,1
DA:267,1
DA:268,1
DA:269,1
DA:270,1
DA:271,1
DA:274,1
DA:275,1
DA:276,1
DA:277,1
DA:278,1
DA:279,1
DA:282,1
DA:283,1
DA:284,1
DA:285,1
DA:286,1
DA:287,1
DA:290,1
DA:291,1
DA:292,1
DA:293,1
DA:294,1
DA:295,1
DA:298,1
DA:299,1
DA:300,1
DA:301,1
DA:302,1
DA:303,1
DA:306,1
DA:307,1
DA:308,1
DA:309,1
DA:310,1
DA:311,1
BRF:0
BRH:0
LF:178
LH:176
end_of_record
SF:/home/jade/rusty_dolphine/src/register/error.rs
FN:4,_RNvXs_NtNtCs1BEssZNQtIx_14rusty_dolphine8register5errorNtB4_13RegisterErrorNtNtCs7fbaA66h97J_4core3fmt7Display3fmt
FNDA:0,_RNvXs_NtNtCs1BEssZNQtIx_14rusty_dolphine8register5errorNtB4_13RegisterErrorNtNtCs7fbaA66h97J_4core3fmt7Display3fmt
FNF:1
FNH:0
DA:4,0
BRF:0
BRH:0
LF:1
LH:0
end_of_record
SF:/home/jade/rusty_dolphine/src/register/mode.rs
FN:1,_RNvXs_NtNtCs1BEssZNQtIx_14rusty_dolphine8register4modeNtB4_4ModeNtNtCs7fbaA66h97J_4core3fmt7Display3fmt
FNDA:0,_RNvXs_NtNtCs1BEssZNQtIx_14rusty_dolphine8register4modeNtB4_4ModeNtNtCs7fbaA66h97J_4core3fmt7Display3fmt
FNF:1
FNH:0
DA:1,0
BRF:0
BRH:0
LF:1
LH:0
end_of_record
SF:/home/jade/rusty_dolphine/src/register/register.rs
FN:11,_RNvNtNtCs1BEssZNQtIx_14rusty_dolphine8register8register17read_register_map
FN:20,_RNvNtNtCs1BEssZNQtIx_14rusty_dolphine8register8register18write_register_map
FN:29,_RNvNtNtCs1BEssZNQtIx_14rusty_dolphine8register8register18write_register_set
FN:39,_RNvNtNtCs1BEssZNQtIx_14rusty_dolphine8register8register17read_register_set
FNDA:7,_RNvNtNtCs1BEssZNQtIx_14rusty_dolphine8register8register17read_register_map
FNDA:2,_RNvNtNtCs1BEssZNQtIx_14rusty_dolphine8register8register18write_register_map
FNDA:2,_RNvNtNtCs1BEssZNQtIx_14rusty_dolphine8register8register18write_register_set
FNDA:7,_RNvNtNtCs1BEssZNQtIx_14rusty_dolphine8register8register17read_register_set
FNF:4
FNH:4
DA:11,7
DA:12,7
DA:13,7
DA:14,7
DA:16,0
DA:18,7
DA:20,2
DA:21,2
DA:22,2
DA:23,2
DA:25,0
DA:27,2
DA:29,2
DA:30,2
DA:31,2
DA:32,2
DA:34,0
DA:36,2
DA:39,7
DA:40,7
DA:41,7
DA:42,7
DA:44,0
DA:46,7
BRF:0
BRH:0
LF:24
LH:20
end_of_record
SF:/home/jade/rusty_dolphine/src/register/register_set.rs
FN:58,_RNvXs3_NtNtCs1BEssZNQtIx_14rusty_dolphine8register12register_setNtB5_8CPSRCellNtNtB7_8register13WriteRegister5write
FN:94,_RNvXs5_NtNtCs1BEssZNQtIx_14rusty_dolphine8register12register_setNtB5_11RegisterSetNtNtCs7fbaA66h97J_4core3fmt7Display3fmt
FN:172,_RNvXs9_NtNtCs1BEssZNQtIx_14rusty_dolphine8register12register_setNtB5_11RegisterMapNtNtCs7fbaA66h97J_4core3fmt7Display3fmt
FN:12,_RNvMNtNtCs1BEssZNQtIx_14rusty_dolphine8register12register_setNtB2_12RegisterCell3new
FN:20,_RNvXs_NtNtCs1BEssZNQtIx_14rusty_dolphine8register12register_setNtB4_12RegisterCellNtNtB6_8register12ReadRegister4read
FN:29,_RNvXs0_NtNtCs1BEssZNQtIx_14rusty_dolphine8register12register_setNtB5_12RegisterCellNtNtB7_8register13WriteRegister5write
FN:41,_RNvMs1_NtNtCs1BEssZNQtIx_14rusty_dolphine8register12register_setNtB5_8CPSRCell3new
FN:49,_RNvXs2_NtNtCs1BEssZNQtIx_14rusty_dolphine8register12register_setNtB5_8CPSRCellNtNtB7_8register12ReadRegister4read
FN:81,_RNvMs4_NtNtCs1BEssZNQtIx_14rusty_dolphine8register12register_setNtB5_11RegisterSet7builder
FN:85,_RNvMs4_NtNtCs1BEssZNQtIx_14rusty_dolphine8register12register_setNtB5_11RegisterSet3get
FN:112,_RNvMs6_NtNtCs1BEssZNQtIx_14rusty_dolphine8register12register_setNtB5_18RegisterSetBuilder13with_register
FN:119,_RNvMs6_NtNtCs1BEssZNQtIx_14rusty_dolphine8register12register_setNtB5_18RegisterSetBuilder9with_cpsr
FN:124,_RNvMs6_NtNtCs1BEssZNQtIx_14rusty_dolphine8register12register_setNtB5_18RegisterSetBuilder9with_spsr
FN:129,_RNvMs6_NtNtCs1BEssZNQtIx_14rusty_dolphine8register12register_setNtB5_18RegisterSetBuilder5build
FN:147,_RNvMs7_NtNtCs1BEssZNQtIx_14rusty_dolphine8register12register_setNtB5_18RegisterMapBuilder14with_registers
FN:152,_RNvMs7_NtNtCs1BEssZNQtIx_14rusty_dolphine8register12register_setNtB5_18RegisterMapBuilder5build
FN:159,_RNvMs8_NtNtCs1BEssZNQtIx_14rusty_dolphine8register12register_setNtB5_11RegisterMap7builder
FN:163,_RNvMs8_NtNtCs1BEssZNQtIx_14rusty_dolphine8register12register_setNtB5_11RegisterMap3get
FN:30,_RNCNvXs0_NtNtCs1BEssZNQtIx_14rusty_dolphine8register12register_setNtB7_12RegisterCellNtNtB9_8register13WriteRegister5write0Bb_
FNDA:0,_RNvXs3_NtNtCs1BEssZNQtIx_14rusty_dolphine8register12register_setNtB5_8CPSRCellNtNtB7_8register13WriteRegister5write
FNDA:0,_RNvXs5_NtNtCs1BEssZNQtIx_14rusty_dolphine8register12register_setNtB5_11RegisterSetNtNtCs7fbaA66h97J_4core3fmt7Display3fmt
FNDA:0,_RNvXs9_NtNtCs1BEssZNQtIx_14rusty_dolphine8register12register_setNtB5_11RegisterMapNtNtCs7fbaA66h97J_4core3fmt7Display3fmt
FNDA:33,_RNvMNtNtCs1BEssZNQtIx_14rusty_dolphine8register12register_setNtB2_12RegisterCell3new
FNDA:9,_RNvXs_NtNtCs1BEssZNQtIx_14rusty_dolphine8register12register_setNtB4_12RegisterCellNtNtB6_8register12ReadRegister4read
FNDA:3,_RNvXs0_NtNtCs1BEssZNQtIx_14rusty_dolphine8register12register_setNtB5_12RegisterCellNtNtB7_8register13WriteRegister5write
FNDA:7,_RNvMs1_NtNtCs1BEssZNQtIx_14rusty_dolphine8register12register_setNtB5_8CPSRCell3new
FNDA:1,_RNvXs2_NtNtCs1BEssZNQtIx_14rusty_dolphine8register12register_setNtB5_8CPSRCellNtNtB7_8register12ReadRegister4read
FNDA:7,_RNvMs4_NtNtCs1BEssZNQtIx_14rusty_dolphine8register12register_setNtB5_11RegisterSet7builder
FNDA:12,_RNvMs4_NtNtCs1BEssZNQtIx_14rusty_dolphine8register12register_setNtB5_11RegisterSet3get
FNDA:98,_RNvMs6_NtNtCs1BEssZNQtIx_14rusty_dolphine8register12register_setNtB5_18RegisterSetBuilder13with_register
FNDA:6,_RNvMs6_NtNtCs1BEssZNQtIx_14rusty_dolphine8register12register_setNtB5_18RegisterSetBuilder9with_cpsr
FNDA:6,_RNvMs6_NtNtCs1BEssZNQtIx_14rusty_dolphine8register12register_setNtB5_18RegisterSetBuilder9with_spsr
FNDA:7,_RNvMs6_NtNtCs1BEssZNQtIx_14rusty_dolphine8register12register_setNtB5_18RegisterSetBuilder5build
FNDA:6,_RNvMs7_NtNtCs1BEssZNQtIx_14rusty_dolphine8register12register_setNtB5_18RegisterMapBuilder14with_registers
FNDA:1,_RNvMs7_NtNtCs1BEssZNQtIx_14rusty_dolphine8register12register_setNtB5_18RegisterMapBuilder5build
FNDA:1,_RNvMs8_NtNtCs1BEssZNQtIx_14rusty_dolphine8register12register_setNtB5_11RegisterMap7builder
FNDA:9,_RNvMs8_NtNtCs1BEssZNQtIx_14rusty_dolphine8register12register_setNtB5_11RegisterMap3get
FNDA:0,_RNCNvXs0_NtNtCs1BEssZNQtIx_14rusty_dolphine8register12register_setNtB7_12RegisterCellNtNtB9_8register13WriteRegister5write0Bb_
FNF:19
FNH:15
DA:12,33
DA:13,33
DA:14,33
DA:15,33
DA:16,33
DA:20,9
DA:21,9
DA:22,9
DA:23,0
DA:25,9
DA:29,3
DA:30,3
DA:31,3
DA:32,3
DA:41,7
DA:42,7
DA:43,7
DA:44,7
DA:45,7
DA:49,1
DA:50,1
DA:51,1
DA:52,0
DA:54,1
DA:58,0
DA:59,0
DA:60,0
DA:61,0
DA:62,0
DA:64,0
DA:65,0
DA:68,0
DA:81,7
DA:82,7
DA:83,7
DA:85,12
DA:86,12
DA:87,12
DA:88,0
DA:90,12
DA:94,0
DA:95,0
DA:96,0
DA:97,0
DA:99,0
DA:100,0
DA:101,0
DA:102,0
DA:112,98
DA:113,98
DA:114,0
DA:115,98
DA:116,98
DA:117,98
DA:119,6
DA:120,6
DA:121,6
DA:122,6
DA:124,6
DA:125,6
DA:126,6
DA:127,6
DA:129,7
DA:130,7
DA:131,7
DA:147,6
DA:148,6
DA:149,6
DA:150,6
DA:152,1
DA:153,1
DA:154,1
DA:159,1
DA:160,1
DA:161,1
DA:163,9
DA:164,9
DA:165,9
DA:166,0
DA:168,9
DA:172,0
DA:173,0
DA:174,0
DA:175,0
BRF:0
BRH:0
LF:85
LH:59
end_of_record